1
1
2
2
12
21
21
121
121
212
212
1212
2121
2121
12121
12121
21212
21212
121212
212121
212121
1212121
1212121
2121212
2121212
12121212
21212121
21212121
121212121
121212121
212121212
212121212
1212121212
2121212121
2121212121
12121212121
12121212121
21212121212
21212121212
121212121212
212121212121
212121212121
1212121212121
1212121212121
2121212121212
2121212121212
12121212121212
21212121212121
21212121212121
121212121212121
121212121212121
212121212121212
212121212121212
1212121212121212
2121212121212121
2121212121212121
12121212121212121
12121212121212121
21212121212121212
21212121212121212
121212121212121212
212121212121212121
212121212121212121
1212121212121212121
1212121212121212121
2121212121212121212
2121212121212121212
12121212121212121212
21212121212121212121
21212121212121212121
121212121212121212121
121212121212121212121
212121212121212121212
212121212121212121212
1212121212121212121212
2121212121212121212121
2121212121212121212121
12121212121212121212121
12121212121212121212121
21212121212121212121212
21212121212121212121212
121212121212121212121212
212121212121212121212121
212121212121212121212121
1212121212121212121212121
1212121212121212121212121
2121212121212121212121212
2121212121212121212121212
12121212121212121212121212
21212121212121212121212121
21212121212121212121212121
121212121212121212121212121
121212121212121212121212121
212121212121212121212121212
212121212121212121212121212
1212121212121212121212121212
2121212121212121212121212121
2121212121212121212121212121
12121212121212121212121212121
12121212121212121212121212121
21212121212121212121212121212
21212121212121212121212121212
121212121212121212121212121212
212121212121212121212121212121
212121212121212121212121212121
1212121212121212121212121212121
1212121212121212121212121212121
2121212121212121212121212121212
2121212121212121212121212121212
12121212121212121212121212121212
21212121212121212121212121212121
21212121212121212121212121212121
121212121212121212121212121212121
121212121212121212121212121212121
212121212121212121212121212121212
212121212121212121212121212121212
1212121212121212121212121212121212
2121212121212121212121212121212121
2121212121212121212121212121212121
12121212121212121212121212121212121
12121212121212121212121212121212121
21212121212121212121212121212121212
21212121212121212121212121212121212
121212121212121212121212121212121212
212121212121212121212121212121212121
212121212121212121212121212121212121
1212121212121212121212121212121212121
1212121212121212121212121212121212121
2121212121212121212121212121212121212
2121212121212121212121212121212121212
12121212121212121212121212121212121212
21212121212121212121212121212121212121
21212121212121212121212121212121212121
121212121212121212121212121212121212121
121212121212121212121212121212121212121
212121212121212121212121212121212121212
212121212121212121212121212121212121212
1212121212121212121212121212121212121212
2121212121212121212121212121212121212121
2121212121212121212121212121212121212121
12121212121212121212121212121212121212121
12121212121212121212121212121212121212121
21212121212121212121212121212121212121212
21212121212121212121212121212121212121212
121212121212121212121212121212121212121212
212121212121212121212121212121212121212121
212121212121212121212121212121212121212121
1212121212121212121212121212121212121212121
1212121212121212121212121212121212121212121
2121212121212121212121212121212121212121212
2121212121212121212121212121212121212121212
12121212121212121212121212121212121212121212
21212121212121212121212121212121212121212121
21212121212121212121212121212121212121212121
121212121212121212121212121212121212121212121
121212121212121212121212121212121212121212121
212121212121212121212121212121212121212121212
212121212121212121212121212121212121212121212
1212121212121212121212121212121212121212121212
2121212121212121212121212121212121212121212121
2121212121212121212121212121212121212121212121
12121212121212121212121212121212121212121212121
12121212121212121212121212121212121212121212121
21212121212121212121212121212121212121212121212
21212121212121212121212121212121212121212121212
121212121212121212121212121212121212121212121212
212121212121212121212121212121212121212121212121
212121212121212121212121212121212121212121212121
1212121212121212121212121212121212121212121212121
1212121212121212121212121212121212121212121212121
2121212121212121212121212121212121212121212121212
2121212121212121212121212121212121212121212121212
12121212121212121212121212121212121212121212121212
21212121212121212121212121212121212121212121212121
21212121212121212121212121212121212121212121212121
121212121212121212121212121212121212121212121212121
121212121212121212121212121212121212121212121212121
212121212121212121212121212121212121212121212121212
212121212121212121212121212121212121212121212121212
1212121212121212121212121212121212121212121212121212
2121212121212121212121212121212121212121212121212121
2121212121212121212121212121212121212121212121212121
12121212121212121212121212121212121212121212121212121
12121212121212121212121212121212121212121212121212121
21212121212121212121212121212121212121212121212121212
21212121212121212121212121212121212121212121212121212
121212121212121212121212121212121212121212121212121212
212121212121212121212121212121212121212121212121212121
212121212121212121212121212121212121212121212121212121
1212121212121212121212121212121212121212121212121212121
1212121212121212121212121212121212121212121212121212121
2121212121212121212121212121212121212121212121212121212
2121212121212121212121212121212121212121212121212121212
12121212121212121212121212121212121212121212121212121212
21212121212121212121212121212121212121212121212121212121
21212121212121212121212121212121212121212121212121212121
121212121212121212121212121212121212121212121212121212121
121212121212121212121212121212121212121212121212121212121
212121212121212121212121212121212121212121212121212121212
212121212121212121212121212121212121212121212121212121212
1212121212121212121212121212121212121212121212121212121212
2121212121212121212121212121212121212121212121212121212121
2121212121212121212121212121212121212121212121212121212121
12121212121212121212121212121212121212121212121212121212121
12121212121212121212121212121212121212121212121212121212121
21212121212121212121212121212121212121212121212121212121212
21212121212121212121212121212121212121212121212121212121212
121212121212121212121212121212121212121212121212121212121212
212121212121212121212121212121212121212121212121212121212121
212121212121212121212121212121212121212121212121212121212121
1212121212121212121212121212121212121212121212121212121212121
1212121212121212121212121212121212121212121212121212121212121
2121212121212121212121212121212121212121212121212121212121212
2121212121212121212121212121212121212121212121212121212121212
12121212121212121212121212121212121212121212121212121212121212
21212121212121212121212121212121212121212121212121212121212121
21212121212121212121212121212121212121212121212121212121212121
121212121212121212121212121212121212121212121212121212121212121
121212121212121212121212121212121212121212121212121212121212121
212121212121212121212121212121212121212121212121212121212121212
212121212121212121212121212121212121212121212121212121212121212
1212121212121212121212121212121212121212121212121212121212121212
2121212121212121212121212121212121212121212121212121212121212121
2121212121212121212121212121212121212121212121212121212121212121
12121212121212121212121212121212121212121212121212121212121212121
12121212121212121212121212121212121212121212121212121212121212121
21212121212121212121212121212121212121212121212121212121212121212
21212121212121212121212121212121212121212121212121212121212121212
121212121212121212121212121212121212121212121212121212121212121212
212121212121212121212121212121212121212121212121212121212121212121
212121212121212121212121212121212121212121212121212121212121212121
1212121212121212121212121212121212121212121212121212121212121212121
1212121212121212121212121212121212121212121212121212121212121212121
