11
1012
111109 111110
4566
8637
1111111111111111111
26293
125539925
362200192
96630961581581357
674341822
401338493
490123358
839457266
192627117
923832898
690421735815
107
870404373
558915753
461194173
550015473
104673653
607590842
1018809953
1058578962
841064139 841064140
763294049 763294050
939234604
162099982
185874946
917705369 917705370
450603526
480916986
374047938
18981862
1054011738
772750831
249424358
901137961
373019365
606268998
681479758
272503102
910411239 910411240
912303803
56399171
41554862
361420968
744087943
168164484
585809575
742828855
588718563
74478338
558076462
19474291
967110307
98890168
395513916
560944953
682042242
90337173
438128034
1106602773
425621836
535715017
175098709 175098710
341421099 341421100
108515511
1085671252
259887848
173677609 173677610
185434283
536652666
488173842
635342067
1101285002
4273154
723195338
31076302
918388963
878788562
254246204
247586212
769779264
498906633
911739743
364117975
364753182
592751915
688312416
717644495
639383637
740321313
699330401
932727333
204422957
422958995
269007685
109033638
597738696
844654046
389871386
158006436
13692
